# JRE version: OpenJDK Runtime Environment (17.0.10) (build 17.0.10+0--11572160)
# Java VM: OpenJDK 64-Bit Server VM (17.0.10+0--11572160, mixed mode, tiered, compressed oops, compressed class ptrs, g1 gc, windows-amd64)
GC Precious Log:
 CPUs: 8 total, 8 available
 Memory: 32563M
 Large Page Support: Disabled
 NUMA Support: Disabled
 Compressed Oops: Enabled (32-bit)
 Heap Region Size: 1M
 Heap Min Capacity: 8M
 Heap Initial Capacity: 510M
 Heap Max Capacity: 2G
 Pre-touch: Disabled
 Parallel Workers: 8
 Concurrent Workers: 2
 Concurrent Refinement Workers: 8
 Periodic GC: Disabled
Heap:
 garbage-first heap   total 471040K, used 246784K [0x0000000080000000, 0x0000000100000000)
  region size 1024K, 4 young (4096K), 4 survivors (4096K)
 Metaspace       used 161815K, committed 162880K, reserved 1245184K
  class space    used 21969K, committed 22464K, reserved 1048576K
GC Heap History (20 events):
Event: 464.313 GC heap after
{Heap after GC invocations=33 (full 0):
 garbage-first heap   total 296960K, used 133926K [0x0000000080000000, 0x0000000100000000)
  region size 1024K, 12 young (12288K), 12 survivors (12288K)
 Metaspace       used 144035K, committed 144960K, reserved 1179648K
  class space    used 19996K, committed 20416K, reserved 1048576K
}
Event: 464.341 GC heap before
{Heap before GC invocations=33 (full 0):
 garbage-first heap   total 296960K, used 135974K [0x0000000080000000, 0x0000000100000000)
  region size 1024K, 14 young (14336K), 12 survivors (12288K)
 Metaspace       used 144057K, committed 145024K, reserved 1179648K
  class space    used 19997K, committed 20416K, reserved 1048576K
}
Event: 464.355 GC heap after
{Heap after GC invocations=34 (full 0):
 garbage-first heap   total 296960K, used 134240K [0x0000000080000000, 0x0000000100000000)
  region size 1024K, 2 young (2048K), 2 survivors (2048K)
 Metaspace       used 144057K, committed 145024K, reserved 1179648K
  class space    used 19997K, committed 20416K, reserved 1048576K
}
Event: 466.157 GC heap before
{Heap before GC invocations=34 (full 0):
 garbage-first heap   total 296960K, used 244832K [0x0000000080000000, 0x0000000100000000)
  region size 1024K, 111 young (113664K), 2 survivors (2048K)
 Metaspace       used 148275K, committed 149248K, reserved 1179648K
  class space    used 20506K, committed 20992K, reserved 1048576K
}
Event: 466.169 GC heap after
{Heap after GC invocations=35 (full 0):
 garbage-first heap   total 296960K, used 143996K [0x0000000080000000, 0x0000000100000000)
  region size 1024K, 12 young (12288K), 12 survivors (12288K)
 Metaspace       used 148275K, committed 149248K, reserved 1179648K
  class space    used 20506K, committed 20992K, reserved 1048576K
}
Event: 467.700 GC heap before
{Heap before GC invocations=35 (full 0):
 garbage-first heap   total 296960K, used 154236K [0x0000000080000000, 0x0000000100000000)
  region size 1024K, 24 young (24576K), 12 survivors (12288K)
 Metaspace       used 148472K, committed 149440K, reserved 1179648K
  class space    used 20534K, committed 20992K, reserved 1048576K
}
Event: 467.710 GC heap after
{Heap after GC invocations=36 (full 0):
 garbage-first heap   total 296960K, used 144897K [0x0000000080000000, 0x0000000100000000)
  region size 1024K, 2 young (2048K), 2 survivors (2048K)
 Metaspace       used 148472K, committed 149440K, reserved 1179648K
  class space    used 20534K, committed 20992K, reserved 1048576K
}
Event: 470.121 GC heap before
{Heap before GC invocations=37 (full 0):
 garbage-first heap   total 296960K, used 259585K [0x0000000080000000, 0x0000000100000000)
  region size 1024K, 101 young (103424K), 2 survivors (2048K)
 Metaspace       used 155431K, committed 156480K, reserved 1245184K
  class space    used 21112K, committed 21632K, reserved 1048576K
}
Event: 470.132 GC heap after
{Heap after GC invocations=38 (full 0):
 garbage-first heap   total 296960K, used 164502K [0x0000000080000000, 0x0000000100000000)
  region size 1024K, 13 young (13312K), 13 survivors (13312K)
 Metaspace       used 155431K, committed 156480K, reserved 1245184K
  class space    used 21112K, committed 21632K, reserved 1048576K
}
Event: 470.148 GC heap before
{Heap before GC invocations=38 (full 0):
 garbage-first heap   total 296960K, used 165526K [0x0000000080000000, 0x0000000100000000)
  region size 1024K, 14 young (14336K), 13 survivors (13312K)
 Metaspace       used 155431K, committed 156480K, reserved 1245184K
  class space    used 21112K, committed 21632K, reserved 1048576K
}
Event: 470.167 GC heap after
{Heap after GC invocations=39 (full 0):
 garbage-first heap   total 296960K, used 159909K [0x0000000080000000, 0x0000000100000000)
  region size 1024K, 2 young (2048K), 2 survivors (2048K)
 Metaspace       used 155431K, committed 156480K, reserved 1245184K
  class space    used 21112K, committed 21632K, reserved 1048576K
}
Event: 470.945 GC heap before
{Heap before GC invocations=39 (full 0):
 garbage-first heap   total 296960K, used 225445K [0x0000000080000000, 0x0000000100000000)
  region size 1024K, 67 young (68608K), 2 survivors (2048K)
 Metaspace       used 157738K, committed 158784K, reserved 1245184K
  class space    used 21444K, committed 21952K, reserved 1048576K
}
Event: 470.968 GC heap after
{Heap after GC invocations=40 (full 0):
 garbage-first heap   total 296960K, used 210253K [0x0000000080000000, 0x0000000100000000)
  region size 1024K, 10 young (10240K), 10 survivors (10240K)
 Metaspace       used 157738K, committed 158784K, reserved 1245184K
  class space    used 21444K, committed 21952K, reserved 1048576K
}
Event: 471.451 GC heap before
{Heap before GC invocations=41 (full 0):
 garbage-first heap   total 367616K, used 238925K [0x0000000080000000, 0x0000000100000000)
  region size 1024K, 36 young (36864K), 10 survivors (10240K)
 Metaspace       used 160803K, committed 161856K, reserved 1245184K
  class space    used 21873K, committed 22400K, reserved 1048576K
}
Event: 471.462 GC heap after
{Heap after GC invocations=42 (full 0):
 garbage-first heap   total 367616K, used 218308K [0x0000000080000000, 0x0000000100000000)
  region size 1024K, 5 young (5120K), 5 survivors (5120K)
 Metaspace       used 160803K, committed 161856K, reserved 1245184K
  class space    used 21873K, committed 22400K, reserved 1048576K
}
Event: 471.693 GC heap before
{Heap before GC invocations=42 (full 0):
 garbage-first heap   total 367616K, used 229572K [0x0000000080000000, 0x0000000100000000)
  region size 1024K, 17 young (17408K), 5 survivors (5120K)
 Metaspace       used 161688K, committed 162752K, reserved 1245184K
  class space    used 21969K, committed 22464K, reserved 1048576K
}
Event: 471.700 GC heap after
{Heap after GC invocations=43 (full 0):
 garbage-first heap   total 367616K, used 217770K [0x0000000080000000, 0x0000000100000000)
  region size 1024K, 2 young (2048K), 2 survivors (2048K)
 Metaspace       used 161688K, committed 162752K, reserved 1245184K
  class space    used 21969K, committed 22464K, reserved 1048576K
}
Event: 472.059 GC heap before
{Heap before GC invocations=43 (full 0):
 garbage-first heap   total 367616K, used 276138K [0x0000000080000000, 0x0000000100000000)
  region size 1024K, 59 young (60416K), 2 survivors (2048K)
 Metaspace       used 161746K, committed 162816K, reserved 1245184K
  class space    used 21969K, committed 22464K, reserved 1048576K
}
Event: 472.087 GC heap after
{Heap after GC invocations=44 (full 0):
 garbage-first heap   total 367616K, used 270251K [0x0000000080000000, 0x0000000100000000)
  region size 1024K, 8 young (8192K), 8 survivors (8192K)
 Metaspace       used 161746K, committed 162816K, reserved 1245184K
  class space    used 21969K, committed 22464K, reserved 1048576K
}
Event: 472.373 GC heap before
{Heap before GC invocations=44 (full 0):
 garbage-first heap   total 403456K, used 251819K [0x0000000080000000, 0x0000000100000000)
  region size 1024K, 32 young (32768K), 8 survivors (8192K)
 Metaspace       used 161815K, committed 162880K, reserved 1245184K
  class space    used 21969K, committed 22464K, reserved 1048576K
}

